<?xml version="1.0" encoding="UTF-8"?>
<testng-results ignored="0" total="0" passed="0" failed="0" skipped="0">
  <reporter-output>
  </reporter-output>
  <suite started-at="2021-11-30T01:24:22 IST" name="Regression" finished-at="2021-11-30T01:24:22 IST" duration-ms="18">
    <groups>
    </groups>
    <test started-at="2021-11-30T01:24:22 IST" name="Egg_Timer" finished-at="2021-11-30T01:24:22 IST" duration-ms="18">
    </test> <!-- Egg_Timer -->
  </suite> <!-- Regression -->
</testng-results>
